<?xml version="1.0" encoding="UTF-8"?>
<!-- Generated by org.testng.reporters.JUnitXMLReporter -->
<testsuite hostname="DESKTOP-NR3C8QD" ignored="0" name="Default test" tests="11" failures="0" timestamp="2022-03-22T17:26:47 IST" time="39.034" errors="0">
  <testcase name="signup" time="8.588" classname="functionalTesting.ecom_product"/>
  <testcase name="login" time="5.527" classname="functionalTesting.ecom_product"/>
  <testcase name="getAllProducts" time="4.986" classname="functionalTesting.ecom_product"/>
  <testcase name="createProduct" time="2.266" classname="functionalTesting.ecom_product"/>
  <testcase name="getProductById" time="2.138" classname="functionalTesting.ecom_product"/>
  <testcase name="updateById" time="1.697" classname="functionalTesting.ecom_product"/>
  <testcase name="deleteProductById" time="2.506" classname="functionalTesting.ecom_product"/>
  <testcase name="get_all_Orders" time="3.881" classname="functionalTesting.ecom_product"/>
  <testcase name="create_order" time="2.708" classname="functionalTesting.ecom_product"/>
  <testcase name="get_order_by_id" time="2.751" classname="functionalTesting.ecom_product"/>
  <testcase name="delete_order_by_id" time="1.757" classname="functionalTesting.ecom_product"/>
</testsuite> <!-- Default test -->
