<?xml version="1.0" encoding="UTF-8"?>
<!-- Generated by org.testng.reporters.JUnitXMLReporter -->
<testsuite ignored="1" hostname="DESKTOP-NR3C8QD" failures="0" tests="6" name="Test" time="21.1" errors="0" timestamp="2021-12-07T18:41:22 IST">
  <testcase classname="functionalTesting.ecom_product" name="login" time="8.862"/>
  <testcase classname="functionalTesting.ecom_product" name="getAllProducts" time="3.878"/>
  <testcase classname="functionalTesting.ecom_product" name="createProduct" time="2.209"/>
  <testcase classname="functionalTesting.ecom_product" name="getProductById" time="2.063"/>
  <testcase classname="functionalTesting.ecom_product" name="updateById" time="1.975"/>
  <testcase classname="functionalTesting.ecom_product" name="deleteProductById" time="1.984"/>
  <testcase classname="functionalTesting.ecom_product" name="signup" time="0.0">
    <ignored/>
  </testcase> <!-- signup -->
</testsuite> <!-- Test -->
