<?xml version="1.0" encoding="UTF-8"?>
<testng-results skipped="0" failed="0" ignored="0" total="11" passed="11">
  <reporter-output>
  </reporter-output>
  <suite name="Default suite" duration-ms="39034" started-at="2022-03-22T17:26:08 IST" finished-at="2022-03-22T17:26:47 IST">
    <groups>
    </groups>
    <test name="Default test" duration-ms="39034" started-at="2022-03-22T17:26:08 IST" finished-at="2022-03-22T17:26:47 IST">
      <class name="functionalTesting.ecom_product">
        <test-method status="PASS" signature="signup()[pri:0, instance:functionalTesting.ecom_product@1ebcd8]" name="signup" duration-ms="8588" started-at="2022-03-22T17:26:08 IST" finished-at="2022-03-22T17:26:17 IST">
          <reporter-output>
          </reporter-output>
        </test-method> <!-- signup -->
        <test-method status="PASS" signature="login()[pri:1, instance:functionalTesting.ecom_product@1ebcd8]" name="login" duration-ms="5527" started-at="2022-03-22T17:26:17 IST" finished-at="2022-03-22T17:26:22 IST">
          <reporter-output>
          </reporter-output>
        </test-method> <!-- login -->
        <test-method status="PASS" signature="getAllProducts()[pri:2, instance:functionalTesting.ecom_product@1ebcd8]" name="getAllProducts" duration-ms="4986" started-at="2022-03-22T17:26:22 IST" finished-at="2022-03-22T17:26:27 IST">
          <reporter-output>
          </reporter-output>
        </test-method> <!-- getAllProducts -->
        <test-method status="PASS" signature="createProduct()[pri:3, instance:functionalTesting.ecom_product@1ebcd8]" name="createProduct" duration-ms="2266" started-at="2022-03-22T17:26:27 IST" finished-at="2022-03-22T17:26:29 IST">
          <reporter-output>
          </reporter-output>
        </test-method> <!-- createProduct -->
        <test-method status="PASS" signature="getProductById()[pri:4, instance:functionalTesting.ecom_product@1ebcd8]" name="getProductById" duration-ms="2138" started-at="2022-03-22T17:26:29 IST" finished-at="2022-03-22T17:26:31 IST">
          <reporter-output>
          </reporter-output>
        </test-method> <!-- getProductById -->
        <test-method status="PASS" signature="updateById()[pri:5, instance:functionalTesting.ecom_product@1ebcd8]" name="updateById" duration-ms="1697" started-at="2022-03-22T17:26:31 IST" finished-at="2022-03-22T17:26:33 IST">
          <reporter-output>
          </reporter-output>
        </test-method> <!-- updateById -->
        <test-method status="PASS" signature="deleteProductById()[pri:6, instance:functionalTesting.ecom_product@1ebcd8]" name="deleteProductById" duration-ms="2506" started-at="2022-03-22T17:26:33 IST" finished-at="2022-03-22T17:26:36 IST">
          <reporter-output>
          </reporter-output>
        </test-method> <!-- deleteProductById -->
        <test-method status="PASS" signature="get_all_Orders()[pri:7, instance:functionalTesting.ecom_product@1ebcd8]" name="get_all_Orders" duration-ms="3881" started-at="2022-03-22T17:26:36 IST" finished-at="2022-03-22T17:26:40 IST">
          <reporter-output>
          </reporter-output>
        </test-method> <!-- get_all_Orders -->
        <test-method status="PASS" signature="create_order()[pri:8, instance:functionalTesting.ecom_product@1ebcd8]" name="create_order" duration-ms="2708" started-at="2022-03-22T17:26:40 IST" finished-at="2022-03-22T17:26:42 IST">
          <reporter-output>
          </reporter-output>
        </test-method> <!-- create_order -->
        <test-method status="PASS" signature="get_order_by_id()[pri:9, instance:functionalTesting.ecom_product@1ebcd8]" name="get_order_by_id" duration-ms="2751" started-at="2022-03-22T17:26:42 IST" finished-at="2022-03-22T17:26:45 IST">
          <reporter-output>
          </reporter-output>
        </test-method> <!-- get_order_by_id -->
        <test-method status="PASS" signature="delete_order_by_id()[pri:10, instance:functionalTesting.ecom_product@1ebcd8]" name="delete_order_by_id" duration-ms="1757" started-at="2022-03-22T17:26:45 IST" finished-at="2022-03-22T17:26:47 IST">
          <reporter-output>
          </reporter-output>
        </test-method> <!-- delete_order_by_id -->
      </class> <!-- functionalTesting.ecom_product -->
    </test> <!-- Default test -->
  </suite> <!-- Default suite -->
</testng-results>
